0 info it worked if it ends with ok
1 verbose cli [ '/usr/local/Cellar/node/0.10.24/bin/node',
1 verbose cli   '/usr/local/bin/npm',
1 verbose cli   'start' ]
2 info using npm@1.3.21
3 info using node@v0.10.24
4 verbose run-script [ 'prestart', 'start', 'poststart' ]
5 info prestart startbootstrap-stylish-portfolio@5.0.3
6 info start startbootstrap-stylish-portfolio@5.0.3
7 verbose unsafe-perm in lifecycle true
8 info startbootstrap-stylish-portfolio@5.0.3 Failed to exec start script
9 error startbootstrap-stylish-portfolio@5.0.3 start: `gulp watch`
9 error Exit status 127
10 error Failed at the startbootstrap-stylish-portfolio@5.0.3 start script.
10 error This is most likely a problem with the startbootstrap-stylish-portfolio package,
10 error not with npm itself.
10 error Tell the author that this fails on your system:
10 error     gulp watch
10 error You can get their info via:
10 error     npm owner ls startbootstrap-stylish-portfolio
10 error There is likely additional logging output above.
11 error System Darwin 17.7.0
12 error command "/usr/local/Cellar/node/0.10.24/bin/node" "/usr/local/bin/npm" "start"
13 error cwd /Users/zevirc/Desktop/zevirubin.com website/rubinz.github.io/rubinAerial
14 error node -v v0.10.24
15 error npm -v 1.3.21
16 error code ELIFECYCLE
17 verbose exit [ 1, true ]
